<?xml version="1.0" encoding="UTF-8"?>
<testng-results ignored="0" total="16" passed="12" failed="4" skipped="0">
  <reporter-output>
  </reporter-output>
  <suite started-at="2024-02-21T12:22:16 IST" name="Suite" finished-at="2024-02-21T12:28:15 IST" duration-ms="359067">
    <groups>
      <group name="Sanity">
        <method signature="AccountPageTets.verifyAccountPage()[pri:0, instance:com.mystore.testscripts.AccountPageTets@5ab9e72c]" name="verifyAccountPage" class="com.mystore.testscripts.AccountPageTets"/>
        <method signature="AccountPageTets.verifyMyOrder()[pri:0, instance:com.mystore.testscripts.AccountPageTets@5ab9e72c]" name="verifyMyOrder" class="com.mystore.testscripts.AccountPageTets"/>
        <method signature="AccountPageTets.verifyPaymentTab()[pri:0, instance:com.mystore.testscripts.AccountPageTets@5ab9e72c]" name="verifyPaymentTab" class="com.mystore.testscripts.AccountPageTets"/>
        <method signature="AddToCartPageTest.addCartTest()[pri:0, instance:com.mystore.testscripts.AddToCartPageTest@5bda8e08]" name="addCartTest" class="com.mystore.testscripts.AddToCartPageTest"/>
        <method signature="AddToCartPageTest.navigateToCheckoutPageTest()[pri:0, instance:com.mystore.testscripts.AddToCartPageTest@5bda8e08]" name="navigateToCheckoutPageTest" class="com.mystore.testscripts.AddToCartPageTest"/>
        <method signature="LoginPageTest.loginTest()[pri:0, instance:com.mystore.testscripts.LoginPageTest@62ddbd7e]" name="loginTest" class="com.mystore.testscripts.LoginPageTest"/>
        <method signature="SearchResultPageTest.checkNoOfProduct()[pri:0, instance:com.mystore.testscripts.SearchResultPageTest@74e52ef6]" name="checkNoOfProduct" class="com.mystore.testscripts.SearchResultPageTest"/>
      </group> <!-- Sanity -->
      <group name="Regression">
        <method signature="AddToCartPageTest.addCartTest()[pri:0, instance:com.mystore.testscripts.AddToCartPageTest@5bda8e08]" name="addCartTest" class="com.mystore.testscripts.AddToCartPageTest"/>
        <method signature="AddToCartPageTest.navigateToCheckoutPageTest()[pri:0, instance:com.mystore.testscripts.AddToCartPageTest@5bda8e08]" name="navigateToCheckoutPageTest" class="com.mystore.testscripts.AddToCartPageTest"/>
        <method signature="CheckoutPageTest.toPaymentPage(java.lang.String,java.lang.String,java.lang.String,java.lang.String,java.lang.String)[pri:0, instance:com.mystore.testscripts.CheckoutPageTest@4116aac9]" name="toPaymentPage" class="com.mystore.testscripts.CheckoutPageTest"/>
        <method signature="EndToEndTest.endToEndTest(java.lang.String,java.lang.String,java.lang.String,java.lang.String,java.lang.String)[pri:0, instance:com.mystore.testscripts.EndToEndTest@186f8716]" name="endToEndTest" class="com.mystore.testscripts.EndToEndTest"/>
        <method signature="ReviewPaymentTest.validatePriceCalculations()[pri:0, instance:com.mystore.testscripts.ReviewPaymentTest@7eac9008]" name="validatePriceCalculations" class="com.mystore.testscripts.ReviewPaymentTest"/>
      </group> <!-- Regression -->
      <group name="Smoke">
        <method signature="AccountPageTets.verifyAccountPage()[pri:0, instance:com.mystore.testscripts.AccountPageTets@5ab9e72c]" name="verifyAccountPage" class="com.mystore.testscripts.AccountPageTets"/>
        <method signature="AccountPageTets.verifyMyOrder()[pri:0, instance:com.mystore.testscripts.AccountPageTets@5ab9e72c]" name="verifyMyOrder" class="com.mystore.testscripts.AccountPageTets"/>
        <method signature="AccountPageTets.verifyPaymentTab()[pri:0, instance:com.mystore.testscripts.AccountPageTets@5ab9e72c]" name="verifyPaymentTab" class="com.mystore.testscripts.AccountPageTets"/>
        <method signature="IndexPageTest.verifyLogo()[pri:0, instance:com.mystore.testscripts.IndexPageTest@1d8bd0de]" name="verifyLogo" class="com.mystore.testscripts.IndexPageTest"/>
        <method signature="IndexPageTest.verifyRegisterUserBtn()[pri:0, instance:com.mystore.testscripts.IndexPageTest@1d8bd0de]" name="verifyRegisterUserBtn" class="com.mystore.testscripts.IndexPageTest"/>
        <method signature="IndexPageTest.verifySignInbtn()[pri:0, instance:com.mystore.testscripts.IndexPageTest@1d8bd0de]" name="verifySignInbtn" class="com.mystore.testscripts.IndexPageTest"/>
        <method signature="IndexPageTest.verifyTitle()[pri:0, instance:com.mystore.testscripts.IndexPageTest@1d8bd0de]" name="verifyTitle" class="com.mystore.testscripts.IndexPageTest"/>
        <method signature="LoginPageTest.loginTest()[pri:0, instance:com.mystore.testscripts.LoginPageTest@62ddbd7e]" name="loginTest" class="com.mystore.testscripts.LoginPageTest"/>
        <method signature="LoginPageTest.verifyNewAccount()[pri:0, instance:com.mystore.testscripts.LoginPageTest@62ddbd7e]" name="verifyNewAccount" class="com.mystore.testscripts.LoginPageTest"/>
        <method signature="SearchResultPageTest.checkNoOfProduct()[pri:0, instance:com.mystore.testscripts.SearchResultPageTest@74e52ef6]" name="checkNoOfProduct" class="com.mystore.testscripts.SearchResultPageTest"/>
        <method signature="SearchResultPageTest.checkProductAvailability()[pri:0, instance:com.mystore.testscripts.SearchResultPageTest@74e52ef6]" name="checkProductAvailability" class="com.mystore.testscripts.SearchResultPageTest"/>
      </group> <!-- Smoke -->
    </groups>
    <test started-at="2024-02-21T12:22:16 IST" name="Test" finished-at="2024-02-21T12:28:15 IST" duration-ms="359067">
      <class name="com.mystore.testscripts.AccountPageTets">
        <test-method is-config="true" signature="setup()[pri:0, instance:com.mystore.testscripts.AccountPageTets@5ab9e72c]" started-at="2024-02-21T12:25:59 IST" name="setup" finished-at="2024-02-21T12:26:05 IST" duration-ms="5743" status="PASS">
          <reporter-output>
          </reporter-output>
        </test-method> <!-- setup -->
        <test-method signature="verifyAccountPage()[pri:0, instance:com.mystore.testscripts.AccountPageTets@5ab9e72c]" started-at="2024-02-21T12:26:05 IST" name="verifyAccountPage" finished-at="2024-02-21T12:26:09 IST" duration-ms="3505" status="FAIL">
          <exception class="java.lang.NullPointerException">
            <message>
              <![CDATA[Cannot invoke "com.mystore.pageobjects.MyAccountPage.getCurrentUrl()" because "this.myAccountPage" is null]]>
            </message>
            <full-stacktrace>
              <![CDATA[java.lang.NullPointerException: Cannot invoke "com.mystore.pageobjects.MyAccountPage.getCurrentUrl()" because "this.myAccountPage" is null
at com.mystore.testscripts.AccountPageTets.verifyAccountPage(AccountPageTets.java:39)
at java.base/jdk.internal.reflect.NativeMethodAccessorImpl.invoke0(Native Method)
at java.base/jdk.internal.reflect.NativeMethodAccessorImpl.invoke(NativeMethodAccessorImpl.java:77)
at java.base/jdk.internal.reflect.DelegatingMethodAccessorImpl.invoke(DelegatingMethodAccessorImpl.java:43)
at java.base/java.lang.reflect.Method.invoke(Method.java:568)
at org.testng.internal.invokers.MethodInvocationHelper.invokeMethod(MethodInvocationHelper.java:139)
at org.testng.internal.invokers.TestInvoker.invokeMethod(TestInvoker.java:664)
at org.testng.internal.invokers.TestInvoker.invokeTestMethod(TestInvoker.java:227)
at org.testng.internal.invokers.MethodRunner.runInSequence(MethodRunner.java:50)
at org.testng.internal.invokers.TestInvoker$MethodInvocationAgent.invoke(TestInvoker.java:957)
at org.testng.internal.invokers.TestInvoker.invokeTestMethods(TestInvoker.java:200)
at org.testng.internal.invokers.TestMethodWorker.invokeTestMethods(TestMethodWorker.java:148)
at org.testng.internal.invokers.TestMethodWorker.run(TestMethodWorker.java:128)
at java.base/java.util.ArrayList.forEach(ArrayList.java:1511)
at org.testng.TestRunner.privateRun(TestRunner.java:848)
at org.testng.TestRunner.run(TestRunner.java:621)
at org.testng.SuiteRunner.runTest(SuiteRunner.java:443)
at org.testng.SuiteRunner.runSequentially(SuiteRunner.java:437)
at org.testng.SuiteRunner.privateRun(SuiteRunner.java:397)
at org.testng.SuiteRunner.run(SuiteRunner.java:336)
at org.testng.SuiteRunnerWorker.runSuite(SuiteRunnerWorker.java:52)
at org.testng.SuiteRunnerWorker.run(SuiteRunnerWorker.java:95)
at org.testng.TestNG.runSuitesSequentially(TestNG.java:1280)
at org.testng.TestNG.runSuitesLocally(TestNG.java:1200)
at org.testng.TestNG.runSuites(TestNG.java:1114)
at org.testng.TestNG.run(TestNG.java:1082)
at org.testng.remote.AbstractRemoteTestNG.run(AbstractRemoteTestNG.java:115)
at org.testng.remote.RemoteTestNG.initAndRun(RemoteTestNG.java:251)
at org.testng.remote.RemoteTestNG.main(RemoteTestNG.java:77)
]]>
            </full-stacktrace>
          </exception> <!-- java.lang.NullPointerException -->
          <reporter-output>
          </reporter-output>
        </test-method> <!-- verifyAccountPage -->
        <test-method is-config="true" signature="tearDown()[pri:0, instance:com.mystore.testscripts.AccountPageTets@5ab9e72c]" started-at="2024-02-21T12:26:09 IST" name="tearDown" finished-at="2024-02-21T12:26:09 IST" duration-ms="129" status="PASS">
          <reporter-output>
          </reporter-output>
        </test-method> <!-- tearDown -->
        <test-method is-config="true" signature="setup()[pri:0, instance:com.mystore.testscripts.AccountPageTets@5ab9e72c]" started-at="2024-02-21T12:26:09 IST" name="setup" finished-at="2024-02-21T12:26:15 IST" duration-ms="6366" status="PASS">
          <reporter-output>
          </reporter-output>
        </test-method> <!-- setup -->
        <test-method signature="verifyMyOrder()[pri:0, instance:com.mystore.testscripts.AccountPageTets@5ab9e72c]" started-at="2024-02-21T12:26:15 IST" name="verifyMyOrder" finished-at="2024-02-21T12:26:20 IST" duration-ms="4874" status="FAIL">
          <exception class="java.lang.NullPointerException">
            <message>
              <![CDATA[Cannot invoke "com.mystore.pageobjects.MyAccountPage.validateMyOrders()" because "this.myAccountPage" is null]]>
            </message>
            <full-stacktrace>
              <![CDATA[java.lang.NullPointerException: Cannot invoke "com.mystore.pageobjects.MyAccountPage.validateMyOrders()" because "this.myAccountPage" is null
at com.mystore.testscripts.AccountPageTets.verifyMyOrder(AccountPageTets.java:47)
at java.base/jdk.internal.reflect.NativeMethodAccessorImpl.invoke0(Native Method)
at java.base/jdk.internal.reflect.NativeMethodAccessorImpl.invoke(NativeMethodAccessorImpl.java:77)
at java.base/jdk.internal.reflect.DelegatingMethodAccessorImpl.invoke(DelegatingMethodAccessorImpl.java:43)
at java.base/java.lang.reflect.Method.invoke(Method.java:568)
at org.testng.internal.invokers.MethodInvocationHelper.invokeMethod(MethodInvocationHelper.java:139)
at org.testng.internal.invokers.TestInvoker.invokeMethod(TestInvoker.java:664)
at org.testng.internal.invokers.TestInvoker.invokeTestMethod(TestInvoker.java:227)
at org.testng.internal.invokers.MethodRunner.runInSequence(MethodRunner.java:50)
at org.testng.internal.invokers.TestInvoker$MethodInvocationAgent.invoke(TestInvoker.java:957)
at org.testng.internal.invokers.TestInvoker.invokeTestMethods(TestInvoker.java:200)
at org.testng.internal.invokers.TestMethodWorker.invokeTestMethods(TestMethodWorker.java:148)
at org.testng.internal.invokers.TestMethodWorker.run(TestMethodWorker.java:128)
at java.base/java.util.ArrayList.forEach(ArrayList.java:1511)
at org.testng.TestRunner.privateRun(TestRunner.java:848)
at org.testng.TestRunner.run(TestRunner.java:621)
at org.testng.SuiteRunner.runTest(SuiteRunner.java:443)
at org.testng.SuiteRunner.runSequentially(SuiteRunner.java:437)
at org.testng.SuiteRunner.privateRun(SuiteRunner.java:397)
at org.testng.SuiteRunner.run(SuiteRunner.java:336)
at org.testng.SuiteRunnerWorker.runSuite(SuiteRunnerWorker.java:52)
at org.testng.SuiteRunnerWorker.run(SuiteRunnerWorker.java:95)
at org.testng.TestNG.runSuitesSequentially(TestNG.java:1280)
at org.testng.TestNG.runSuitesLocally(TestNG.java:1200)
at org.testng.TestNG.runSuites(TestNG.java:1114)
at org.testng.TestNG.run(TestNG.java:1082)
at org.testng.remote.AbstractRemoteTestNG.run(AbstractRemoteTestNG.java:115)
at org.testng.remote.RemoteTestNG.initAndRun(RemoteTestNG.java:251)
at org.testng.remote.RemoteTestNG.main(RemoteTestNG.java:77)
]]>
            </full-stacktrace>
          </exception> <!-- java.lang.NullPointerException -->
          <reporter-output>
          </reporter-output>
        </test-method> <!-- verifyMyOrder -->
        <test-method is-config="true" signature="tearDown()[pri:0, instance:com.mystore.testscripts.AccountPageTets@5ab9e72c]" started-at="2024-02-21T12:26:21 IST" name="tearDown" finished-at="2024-02-21T12:26:21 IST" duration-ms="129" status="PASS">
          <reporter-output>
          </reporter-output>
        </test-method> <!-- tearDown -->
        <test-method is-config="true" signature="setup()[pri:0, instance:com.mystore.testscripts.AccountPageTets@5ab9e72c]" started-at="2024-02-21T12:26:21 IST" name="setup" finished-at="2024-02-21T12:26:46 IST" duration-ms="25073" status="PASS">
          <reporter-output>
          </reporter-output>
        </test-method> <!-- setup -->
        <test-method signature="verifyPaymentTab()[pri:0, instance:com.mystore.testscripts.AccountPageTets@5ab9e72c]" started-at="2024-02-21T12:26:46 IST" name="verifyPaymentTab" finished-at="2024-02-21T12:27:01 IST" duration-ms="15792" status="FAIL">
          <exception class="org.openqa.selenium.TimeoutException">
            <message>
              <![CDATA[timeout: Timed out receiving message from renderer: 10.000
  (Session info: chrome=121.0.6167.187)
Build info: version: '4.17.0', revision: 'e52b1be057*'
System info: os.name: 'Windows 10', os.arch: 'amd64', os.version: '10.0', java.version: '17.0.10'
Driver info: org.openqa.selenium.chrome.ChromeDriver
Command: [a39936f3c5a9472e2aa6bd1b785cf1af, actions {actions=[org.openqa.selenium.interactions.Sequence@24615687]}]
Capabilities {acceptInsecureCerts: false, browserName: chrome, browserVersion: 121.0.6167.187, chrome: {chromedriverVersion: 121.0.6167.184 (057a8ae7deb..., userDataDir: C:\Users\vivek\AppData\Loca...}, fedcm:accounts: true, goog:chromeOptions: {debuggerAddress: localhost:52580}, networkConnectionEnabled: false, pageLoadStrategy: normal, platformName: windows, proxy: Proxy(), se:cdp: ws://localhost:52580/devtoo..., se:cdpVersion: 121.0.6167.187, setWindowRect: true, strictFileInteractability: false, timeouts: {implicit: 0, pageLoad: 300000, script: 30000}, unhandledPromptBehavior: dismiss and notify, webauthn:extension:credBlob: true, webauthn:extension:largeBlob: true, webauthn:extension:minPinLength: true, webauthn:extension:prf: true, webauthn:virtualAuthenticators: true}
Session ID: a39936f3c5a9472e2aa6bd1b785cf1af]]>
            </message>
            <full-stacktrace>
              <![CDATA[org.openqa.selenium.TimeoutException: timeout: Timed out receiving message from renderer: 10.000
  (Session info: chrome=121.0.6167.187)
Build info: version: '4.17.0', revision: 'e52b1be057*'
System info: os.name: 'Windows 10', os.arch: 'amd64', os.version: '10.0', java.version: '17.0.10'
Driver info: org.openqa.selenium.chrome.ChromeDriver
Command: [a39936f3c5a9472e2aa6bd1b785cf1af, actions {actions=[org.openqa.selenium.interactions.Sequence@24615687]}]
Capabilities {acceptInsecureCerts: false, browserName: chrome, browserVersion: 121.0.6167.187, chrome: {chromedriverVersion: 121.0.6167.184 (057a8ae7deb..., userDataDir: C:\Users\vivek\AppData\Loca...}, fedcm:accounts: true, goog:chromeOptions: {debuggerAddress: localhost:52580}, networkConnectionEnabled: false, pageLoadStrategy: normal, platformName: windows, proxy: Proxy(), se:cdp: ws://localhost:52580/devtoo..., se:cdpVersion: 121.0.6167.187, setWindowRect: true, strictFileInteractability: false, timeouts: {implicit: 0, pageLoad: 300000, script: 30000}, unhandledPromptBehavior: dismiss and notify, webauthn:extension:credBlob: true, webauthn:extension:largeBlob: true, webauthn:extension:minPinLength: true, webauthn:extension:prf: true, webauthn:virtualAuthenticators: true}
Session ID: a39936f3c5a9472e2aa6bd1b785cf1af
at java.base/jdk.internal.reflect.NativeConstructorAccessorImpl.newInstance0(Native Method)
at java.base/jdk.internal.reflect.NativeConstructorAccessorImpl.newInstance(NativeConstructorAccessorImpl.java:77)
at java.base/jdk.internal.reflect.DelegatingConstructorAccessorImpl.newInstance(DelegatingConstructorAccessorImpl.java:45)
at java.base/java.lang.reflect.Constructor.newInstanceWithCaller(Constructor.java:499)
at java.base/java.lang.reflect.Constructor.newInstance(Constructor.java:480)
at org.openqa.selenium.remote.codec.w3c.W3CHttpResponseCodec.createException(W3CHttpResponseCodec.java:185)
at org.openqa.selenium.remote.codec.w3c.W3CHttpResponseCodec.decode(W3CHttpResponseCodec.java:134)
at org.openqa.selenium.remote.codec.w3c.W3CHttpResponseCodec.decode(W3CHttpResponseCodec.java:51)
at org.openqa.selenium.remote.HttpCommandExecutor.execute(HttpCommandExecutor.java:190)
at org.openqa.selenium.remote.service.DriverCommandExecutor.invokeExecute(DriverCommandExecutor.java:216)
at org.openqa.selenium.remote.service.DriverCommandExecutor.execute(DriverCommandExecutor.java:174)
at org.openqa.selenium.remote.RemoteWebDriver.execute(RemoteWebDriver.java:519)
at org.openqa.selenium.remote.RemoteWebDriver.perform(RemoteWebDriver.java:605)
at org.openqa.selenium.interactions.Actions$BuiltAction.perform(Actions.java:603)
at com.mystore.actiondriver.ActionDriver.click(ActionDriver.java:38)
at com.mystore.pageobjects.LoginPage.login(LoginPage.java:32)
at com.mystore.testscripts.AccountPageTets.goToAccountPage(AccountPageTets.java:32)
at com.mystore.testscripts.AccountPageTets.verifyPaymentTab(AccountPageTets.java:53)
at java.base/jdk.internal.reflect.NativeMethodAccessorImpl.invoke0(Native Method)
at java.base/jdk.internal.reflect.NativeMethodAccessorImpl.invoke(NativeMethodAccessorImpl.java:77)
at java.base/jdk.internal.reflect.DelegatingMethodAccessorImpl.invoke(DelegatingMethodAccessorImpl.java:43)
at java.base/java.lang.reflect.Method.invoke(Method.java:568)
at org.testng.internal.invokers.MethodInvocationHelper.invokeMethod(MethodInvocationHelper.java:139)
at org.testng.internal.invokers.TestInvoker.invokeMethod(TestInvoker.java:664)
at org.testng.internal.invokers.TestInvoker.invokeTestMethod(TestInvoker.java:227)
at org.testng.internal.invokers.MethodRunner.runInSequence(MethodRunner.java:50)
at org.testng.internal.invokers.TestInvoker$MethodInvocationAgent.invoke(TestInvoker.java:957)
at org.testng.internal.invokers.TestInvoker.invokeTestMethods(TestInvoker.java:200)
at org.testng.internal.invokers.TestMethodWorker.invokeTestMethods(TestMethodWorker.java:148)
at org.testng.internal.invokers.TestMethodWorker.run(TestMethodWorker.java:128)
at java.base/java.util.ArrayList.forEach(ArrayList.java:1511)
at org.testng.TestRunner.privateRun(TestRunner.java:848)
at org.testng.TestRunner.run(TestRunner.java:621)
at org.testng.SuiteRunner.runTest(SuiteRunner.java:443)
at org.testng.SuiteRunner.runSequentially(SuiteRunner.java:437)
at org.testng.SuiteRunner.privateRun(SuiteRunner.java:397)
at org.testng.SuiteRunner.run(SuiteRunner.java:336)
at org.testng.SuiteRunnerWorker.runSuite(SuiteRunnerWorker.java:52)
at org.testng.SuiteRunnerWorker.run(SuiteRunnerWorker.java:95)
at org.testng.TestNG.runSuitesSequentially(TestNG.java:1280)
at org.testng.TestNG.runSuitesLocally(TestNG.java:1200)
at org.testng.TestNG.runSuites(TestNG.java:1114)
at org.testng.TestNG.run(TestNG.java:1082)
at org.testng.remote.AbstractRemoteTestNG.run(AbstractRemoteTestNG.java:115)
at org.testng.remote.RemoteTestNG.initAndRun(RemoteTestNG.java:251)
at org.testng.remote.RemoteTestNG.main(RemoteTestNG.java:77)
]]>
            </full-stacktrace>
          </exception> <!-- org.openqa.selenium.TimeoutException -->
          <reporter-output>
          </reporter-output>
        </test-method> <!-- verifyPaymentTab -->
        <test-method is-config="true" signature="tearDown()[pri:0, instance:com.mystore.testscripts.AccountPageTets@5ab9e72c]" started-at="2024-02-21T12:27:02 IST" name="tearDown" finished-at="2024-02-21T12:27:02 IST" duration-ms="189" status="PASS">
          <reporter-output>
          </reporter-output>
        </test-method> <!-- tearDown -->
      </class> <!-- com.mystore.testscripts.AccountPageTets -->
      <class name="com.mystore.testscripts.LoginPageTest">
        <test-method is-config="true" signature="setup()[pri:0, instance:com.mystore.testscripts.LoginPageTest@62ddbd7e]" started-at="2024-02-21T12:23:43 IST" name="setup" finished-at="2024-02-21T12:23:49 IST" duration-ms="5869" status="PASS">
          <reporter-output>
          </reporter-output>
        </test-method> <!-- setup -->
        <test-method signature="loginTest()[pri:0, instance:com.mystore.testscripts.LoginPageTest@62ddbd7e]" started-at="2024-02-21T12:23:49 IST" name="loginTest" finished-at="2024-02-21T12:23:52 IST" duration-ms="3450" status="PASS">
          <reporter-output>
          </reporter-output>
        </test-method> <!-- loginTest -->
        <test-method is-config="true" signature="tearDown()[pri:0, instance:com.mystore.testscripts.LoginPageTest@62ddbd7e]" started-at="2024-02-21T12:23:52 IST" name="tearDown" finished-at="2024-02-21T12:23:52 IST" duration-ms="131" status="PASS">
          <reporter-output>
          </reporter-output>
        </test-method> <!-- tearDown -->
        <test-method is-config="true" signature="setup()[pri:0, instance:com.mystore.testscripts.LoginPageTest@62ddbd7e]" started-at="2024-02-21T12:23:52 IST" name="setup" finished-at="2024-02-21T12:25:33 IST" duration-ms="100948" status="PASS">
          <reporter-output>
          </reporter-output>
        </test-method> <!-- setup -->
        <test-method signature="verifyNewAccount()[pri:0, instance:com.mystore.testscripts.LoginPageTest@62ddbd7e]" started-at="2024-02-21T12:25:33 IST" name="verifyNewAccount" finished-at="2024-02-21T12:25:43 IST" duration-ms="10185" status="FAIL">
          <exception class="org.openqa.selenium.TimeoutException">
            <message>
              <![CDATA[timeout: Timed out receiving message from renderer: 10.000
  (Session info: chrome=121.0.6167.187)
Build info: version: '4.17.0', revision: 'e52b1be057*'
System info: os.name: 'Windows 10', os.arch: 'amd64', os.version: '10.0', java.version: '17.0.10'
Driver info: org.openqa.selenium.chrome.ChromeDriver
Command: [88a4d0fe0531886192e142391ef666a8, actions {actions=[org.openqa.selenium.interactions.Sequence@4e4395c]}]
Capabilities {acceptInsecureCerts: false, browserName: chrome, browserVersion: 121.0.6167.187, chrome: {chromedriverVersion: 121.0.6167.184 (057a8ae7deb..., userDataDir: C:\Users\vivek\AppData\Loca...}, fedcm:accounts: true, goog:chromeOptions: {debuggerAddress: localhost:52391}, networkConnectionEnabled: false, pageLoadStrategy: normal, platformName: windows, proxy: Proxy(), se:cdp: ws://localhost:52391/devtoo..., se:cdpVersion: 121.0.6167.187, setWindowRect: true, strictFileInteractability: false, timeouts: {implicit: 0, pageLoad: 300000, script: 30000}, unhandledPromptBehavior: dismiss and notify, webauthn:extension:credBlob: true, webauthn:extension:largeBlob: true, webauthn:extension:minPinLength: true, webauthn:extension:prf: true, webauthn:virtualAuthenticators: true}
Session ID: 88a4d0fe0531886192e142391ef666a8]]>
            </message>
            <full-stacktrace>
              <![CDATA[org.openqa.selenium.TimeoutException: timeout: Timed out receiving message from renderer: 10.000
  (Session info: chrome=121.0.6167.187)
Build info: version: '4.17.0', revision: 'e52b1be057*'
System info: os.name: 'Windows 10', os.arch: 'amd64', os.version: '10.0', java.version: '17.0.10'
Driver info: org.openqa.selenium.chrome.ChromeDriver
Command: [88a4d0fe0531886192e142391ef666a8, actions {actions=[org.openqa.selenium.interactions.Sequence@4e4395c]}]
Capabilities {acceptInsecureCerts: false, browserName: chrome, browserVersion: 121.0.6167.187, chrome: {chromedriverVersion: 121.0.6167.184 (057a8ae7deb..., userDataDir: C:\Users\vivek\AppData\Loca...}, fedcm:accounts: true, goog:chromeOptions: {debuggerAddress: localhost:52391}, networkConnectionEnabled: false, pageLoadStrategy: normal, platformName: windows, proxy: Proxy(), se:cdp: ws://localhost:52391/devtoo..., se:cdpVersion: 121.0.6167.187, setWindowRect: true, strictFileInteractability: false, timeouts: {implicit: 0, pageLoad: 300000, script: 30000}, unhandledPromptBehavior: dismiss and notify, webauthn:extension:credBlob: true, webauthn:extension:largeBlob: true, webauthn:extension:minPinLength: true, webauthn:extension:prf: true, webauthn:virtualAuthenticators: true}
Session ID: 88a4d0fe0531886192e142391ef666a8
at java.base/jdk.internal.reflect.NativeConstructorAccessorImpl.newInstance0(Native Method)
at java.base/jdk.internal.reflect.NativeConstructorAccessorImpl.newInstance(NativeConstructorAccessorImpl.java:77)
at java.base/jdk.internal.reflect.DelegatingConstructorAccessorImpl.newInstance(DelegatingConstructorAccessorImpl.java:45)
at java.base/java.lang.reflect.Constructor.newInstanceWithCaller(Constructor.java:499)
at java.base/java.lang.reflect.Constructor.newInstance(Constructor.java:480)
at org.openqa.selenium.remote.codec.w3c.W3CHttpResponseCodec.createException(W3CHttpResponseCodec.java:185)
at org.openqa.selenium.remote.codec.w3c.W3CHttpResponseCodec.decode(W3CHttpResponseCodec.java:134)
at org.openqa.selenium.remote.codec.w3c.W3CHttpResponseCodec.decode(W3CHttpResponseCodec.java:51)
at org.openqa.selenium.remote.HttpCommandExecutor.execute(HttpCommandExecutor.java:190)
at org.openqa.selenium.remote.service.DriverCommandExecutor.invokeExecute(DriverCommandExecutor.java:216)
at org.openqa.selenium.remote.service.DriverCommandExecutor.execute(DriverCommandExecutor.java:174)
at org.openqa.selenium.remote.RemoteWebDriver.execute(RemoteWebDriver.java:519)
at org.openqa.selenium.remote.RemoteWebDriver.perform(RemoteWebDriver.java:605)
at org.openqa.selenium.interactions.Actions$BuiltAction.perform(Actions.java:603)
at com.mystore.actiondriver.ActionDriver.click(ActionDriver.java:38)
at com.mystore.pageobjects.IndexPage.clickOnSignIn(IndexPage.java:43)
at com.mystore.testscripts.LoginPageTest.verifyNewAccount(LoginPageTest.java:41)
at java.base/jdk.internal.reflect.NativeMethodAccessorImpl.invoke0(Native Method)
at java.base/jdk.internal.reflect.NativeMethodAccessorImpl.invoke(NativeMethodAccessorImpl.java:77)
at java.base/jdk.internal.reflect.DelegatingMethodAccessorImpl.invoke(DelegatingMethodAccessorImpl.java:43)
at java.base/java.lang.reflect.Method.invoke(Method.java:568)
at org.testng.internal.invokers.MethodInvocationHelper.invokeMethod(MethodInvocationHelper.java:139)
at org.testng.internal.invokers.TestInvoker.invokeMethod(TestInvoker.java:664)
at org.testng.internal.invokers.TestInvoker.invokeTestMethod(TestInvoker.java:227)
at org.testng.internal.invokers.MethodRunner.runInSequence(MethodRunner.java:50)
at org.testng.internal.invokers.TestInvoker$MethodInvocationAgent.invoke(TestInvoker.java:957)
at org.testng.internal.invokers.TestInvoker.invokeTestMethods(TestInvoker.java:200)
at org.testng.internal.invokers.TestMethodWorker.invokeTestMethods(TestMethodWorker.java:148)
at org.testng.internal.invokers.TestMethodWorker.run(TestMethodWorker.java:128)
at java.base/java.util.ArrayList.forEach(ArrayList.java:1511)
at org.testng.TestRunner.privateRun(TestRunner.java:848)
at org.testng.TestRunner.run(TestRunner.java:621)
at org.testng.SuiteRunner.runTest(SuiteRunner.java:443)
at org.testng.SuiteRunner.runSequentially(SuiteRunner.java:437)
at org.testng.SuiteRunner.privateRun(SuiteRunner.java:397)
at org.testng.SuiteRunner.run(SuiteRunner.java:336)
at org.testng.SuiteRunnerWorker.runSuite(SuiteRunnerWorker.java:52)
at org.testng.SuiteRunnerWorker.run(SuiteRunnerWorker.java:95)
at org.testng.TestNG.runSuitesSequentially(TestNG.java:1280)
at org.testng.TestNG.runSuitesLocally(TestNG.java:1200)
at org.testng.TestNG.runSuites(TestNG.java:1114)
at org.testng.TestNG.run(TestNG.java:1082)
at org.testng.remote.AbstractRemoteTestNG.run(AbstractRemoteTestNG.java:115)
at org.testng.remote.RemoteTestNG.initAndRun(RemoteTestNG.java:251)
at org.testng.remote.RemoteTestNG.main(RemoteTestNG.java:77)
]]>
            </full-stacktrace>
          </exception> <!-- org.openqa.selenium.TimeoutException -->
          <reporter-output>
          </reporter-output>
        </test-method> <!-- verifyNewAccount -->
        <test-method is-config="true" signature="tearDown()[pri:0, instance:com.mystore.testscripts.LoginPageTest@62ddbd7e]" started-at="2024-02-21T12:25:44 IST" name="tearDown" finished-at="2024-02-21T12:25:44 IST" duration-ms="122" status="PASS">
          <reporter-output>
          </reporter-output>
        </test-method> <!-- tearDown -->
      </class> <!-- com.mystore.testscripts.LoginPageTest -->
      <class name="com.mystore.testscripts.CheckoutPageTest">
        <test-method is-config="true" signature="setup()[pri:0, instance:com.mystore.testscripts.CheckoutPageTest@4116aac9]" started-at="2024-02-21T12:23:14 IST" name="setup" finished-at="2024-02-21T12:23:20 IST" duration-ms="5572" status="PASS">
          <reporter-output>
          </reporter-output>
        </test-method> <!-- setup -->
        <test-method signature="toPaymentPage(java.lang.String,java.lang.String,java.lang.String,java.lang.String,java.lang.String)[pri:0, instance:com.mystore.testscripts.CheckoutPageTest@4116aac9]" started-at="2024-02-21T12:23:20 IST" name="toPaymentPage" data-provider="ProductSpec" finished-at="2024-02-21T12:23:43 IST" duration-ms="22906" status="PASS">
          <params>
            <param index="0">
              <value>
                <![CDATA[shirt]]>
              </value>
            </param>
            <param index="1">
              <value>
                <![CDATA[3]]>
              </value>
            </param>
            <param index="2">
              <value>
                <![CDATA[1]]>
              </value>
            </param>
            <param index="3">
              <value>
                <![CDATA[1]]>
              </value>
            </param>
            <param index="4">
              <value>
                <![CDATA[1]]>
              </value>
            </param>
          </params>
          <reporter-output>
          </reporter-output>
        </test-method> <!-- toPaymentPage -->
        <test-method is-config="true" signature="tearDown()[pri:0, instance:com.mystore.testscripts.CheckoutPageTest@4116aac9]" started-at="2024-02-21T12:23:43 IST" name="tearDown" finished-at="2024-02-21T12:23:43 IST" duration-ms="217" status="PASS">
          <reporter-output>
          </reporter-output>
        </test-method> <!-- tearDown -->
      </class> <!-- com.mystore.testscripts.CheckoutPageTest -->
      <class name="com.mystore.testscripts.SearchResultPageTest">
        <test-method is-config="true" signature="setup()[pri:0, instance:com.mystore.testscripts.SearchResultPageTest@74e52ef6]" started-at="2024-02-21T12:25:44 IST" name="setup" finished-at="2024-02-21T12:25:49 IST" duration-ms="5137" status="PASS">
          <reporter-output>
          </reporter-output>
        </test-method> <!-- setup -->
        <test-method signature="checkNoOfProduct()[pri:0, instance:com.mystore.testscripts.SearchResultPageTest@74e52ef6]" started-at="2024-02-21T12:25:49 IST" name="checkNoOfProduct" finished-at="2024-02-21T12:25:51 IST" duration-ms="1991" status="PASS">
          <reporter-output>
          </reporter-output>
        </test-method> <!-- checkNoOfProduct -->
        <test-method is-config="true" signature="tearDown()[pri:0, instance:com.mystore.testscripts.SearchResultPageTest@74e52ef6]" started-at="2024-02-21T12:25:51 IST" name="tearDown" finished-at="2024-02-21T12:25:51 IST" duration-ms="135" status="PASS">
          <reporter-output>
          </reporter-output>
        </test-method> <!-- tearDown -->
        <test-method is-config="true" signature="setup()[pri:0, instance:com.mystore.testscripts.SearchResultPageTest@74e52ef6]" started-at="2024-02-21T12:25:51 IST" name="setup" finished-at="2024-02-21T12:25:57 IST" duration-ms="6458" status="PASS">
          <reporter-output>
          </reporter-output>
        </test-method> <!-- setup -->
        <test-method signature="checkProductAvailability()[pri:0, instance:com.mystore.testscripts.SearchResultPageTest@74e52ef6]" started-at="2024-02-21T12:25:57 IST" name="checkProductAvailability" finished-at="2024-02-21T12:25:59 IST" duration-ms="1807" status="PASS">
          <reporter-output>
          </reporter-output>
        </test-method> <!-- checkProductAvailability -->
        <test-method is-config="true" signature="tearDown()[pri:0, instance:com.mystore.testscripts.SearchResultPageTest@74e52ef6]" started-at="2024-02-21T12:25:59 IST" name="tearDown" finished-at="2024-02-21T12:25:59 IST" duration-ms="128" status="PASS">
          <reporter-output>
          </reporter-output>
        </test-method> <!-- tearDown -->
      </class> <!-- com.mystore.testscripts.SearchResultPageTest -->
      <class name="com.mystore.testscripts.ReviewPaymentTest">
        <test-method is-config="true" signature="setup()[pri:0, instance:com.mystore.testscripts.ReviewPaymentTest@7eac9008]" started-at="2024-02-21T12:22:46 IST" name="setup" finished-at="2024-02-21T12:22:54 IST" duration-ms="7248" status="PASS">
          <reporter-output>
          </reporter-output>
        </test-method> <!-- setup -->
        <test-method signature="validatePriceCalculations()[pri:0, instance:com.mystore.testscripts.ReviewPaymentTest@7eac9008]" started-at="2024-02-21T12:22:54 IST" name="validatePriceCalculations" finished-at="2024-02-21T12:23:13 IST" duration-ms="19352" status="PASS">
          <reporter-output>
          </reporter-output>
        </test-method> <!-- validatePriceCalculations -->
        <test-method is-config="true" signature="tearDown()[pri:0, instance:com.mystore.testscripts.ReviewPaymentTest@7eac9008]" started-at="2024-02-21T12:23:13 IST" name="tearDown" finished-at="2024-02-21T12:23:13 IST" duration-ms="173" status="PASS">
          <reporter-output>
          </reporter-output>
        </test-method> <!-- tearDown -->
      </class> <!-- com.mystore.testscripts.ReviewPaymentTest -->
      <class name="com.mystore.testscripts.AddToCartPageTest">
        <test-method is-config="true" signature="loadConfig()[pri:0, instance:com.mystore.testscripts.AddToCartPageTest@5bda8e08]" started-at="2024-02-21T12:22:16 IST" name="loadConfig" finished-at="2024-02-21T12:22:16 IST" duration-ms="239" status="PASS">
          <reporter-output>
          </reporter-output>
        </test-method> <!-- loadConfig -->
        <test-method is-config="true" signature="setup()[pri:0, instance:com.mystore.testscripts.AddToCartPageTest@5bda8e08]" started-at="2024-02-21T12:22:16 IST" name="setup" finished-at="2024-02-21T12:22:23 IST" duration-ms="7124" status="PASS">
          <reporter-output>
          </reporter-output>
        </test-method> <!-- setup -->
        <test-method signature="addCartTest()[pri:0, instance:com.mystore.testscripts.AddToCartPageTest@5bda8e08]" started-at="2024-02-21T12:22:23 IST" name="addCartTest" finished-at="2024-02-21T12:22:30 IST" duration-ms="6788" status="PASS">
          <reporter-output>
          </reporter-output>
        </test-method> <!-- addCartTest -->
        <test-method is-config="true" signature="tearDown()[pri:0, instance:com.mystore.testscripts.AddToCartPageTest@5bda8e08]" started-at="2024-02-21T12:22:30 IST" name="tearDown" finished-at="2024-02-21T12:22:30 IST" duration-ms="156" status="PASS">
          <reporter-output>
          </reporter-output>
        </test-method> <!-- tearDown -->
        <test-method is-config="true" signature="setup()[pri:0, instance:com.mystore.testscripts.AddToCartPageTest@5bda8e08]" started-at="2024-02-21T12:22:30 IST" name="setup" finished-at="2024-02-21T12:22:36 IST" duration-ms="5794" status="PASS">
          <reporter-output>
          </reporter-output>
        </test-method> <!-- setup -->
        <test-method signature="navigateToCheckoutPageTest()[pri:0, instance:com.mystore.testscripts.AddToCartPageTest@5bda8e08]" started-at="2024-02-21T12:22:36 IST" name="navigateToCheckoutPageTest" finished-at="2024-02-21T12:22:46 IST" duration-ms="10222" status="PASS">
          <reporter-output>
          </reporter-output>
        </test-method> <!-- navigateToCheckoutPageTest -->
        <test-method is-config="true" signature="tearDown()[pri:0, instance:com.mystore.testscripts.AddToCartPageTest@5bda8e08]" started-at="2024-02-21T12:22:46 IST" name="tearDown" finished-at="2024-02-21T12:22:46 IST" duration-ms="222" status="PASS">
          <reporter-output>
          </reporter-output>
        </test-method> <!-- tearDown -->
        <test-method is-config="true" signature="afterSuite()[pri:0, instance:com.mystore.testscripts.AddToCartPageTest@5bda8e08]" started-at="2024-02-21T12:28:15 IST" name="afterSuite" finished-at="2024-02-21T12:28:15 IST" duration-ms="323" status="PASS">
          <reporter-output>
          </reporter-output>
        </test-method> <!-- afterSuite -->
      </class> <!-- com.mystore.testscripts.AddToCartPageTest -->
      <class name="com.mystore.testscripts.EndToEndTest">
        <test-method is-config="true" signature="setup()[pri:0, instance:com.mystore.testscripts.EndToEndTest@186f8716]" started-at="2024-02-21T12:27:02 IST" name="setup" finished-at="2024-02-21T12:27:08 IST" duration-ms="6482" status="PASS">
          <reporter-output>
          </reporter-output>
        </test-method> <!-- setup -->
        <test-method signature="endToEndTest(java.lang.String,java.lang.String,java.lang.String,java.lang.String,java.lang.String)[pri:0, instance:com.mystore.testscripts.EndToEndTest@186f8716]" started-at="2024-02-21T12:27:08 IST" name="endToEndTest" data-provider="ProductSpec" finished-at="2024-02-21T12:27:47 IST" duration-ms="38216" status="PASS">
          <params>
            <param index="0">
              <value>
                <![CDATA[shirt]]>
              </value>
            </param>
            <param index="1">
              <value>
                <![CDATA[3]]>
              </value>
            </param>
            <param index="2">
              <value>
                <![CDATA[1]]>
              </value>
            </param>
            <param index="3">
              <value>
                <![CDATA[1]]>
              </value>
            </param>
            <param index="4">
              <value>
                <![CDATA[1]]>
              </value>
            </param>
          </params>
          <reporter-output>
          </reporter-output>
        </test-method> <!-- endToEndTest -->
        <test-method is-config="true" signature="tearDown()[pri:0, instance:com.mystore.testscripts.EndToEndTest@186f8716]" started-at="2024-02-21T12:27:47 IST" name="tearDown" finished-at="2024-02-21T12:27:47 IST" duration-ms="171" status="PASS">
          <reporter-output>
          </reporter-output>
        </test-method> <!-- tearDown -->
      </class> <!-- com.mystore.testscripts.EndToEndTest -->
      <class name="com.mystore.testscripts.IndexPageTest">
        <test-method is-config="true" signature="setup()[pri:0, instance:com.mystore.testscripts.IndexPageTest@1d8bd0de]" started-at="2024-02-21T12:27:47 IST" name="setup" finished-at="2024-02-21T12:27:53 IST" duration-ms="6407" status="PASS">
          <reporter-output>
          </reporter-output>
        </test-method> <!-- setup -->
        <test-method signature="verifyLogo()[pri:0, instance:com.mystore.testscripts.IndexPageTest@1d8bd0de]" started-at="2024-02-21T12:27:53 IST" name="verifyLogo" finished-at="2024-02-21T12:27:53 IST" duration-ms="55" status="PASS">
          <reporter-output>
          </reporter-output>
        </test-method> <!-- verifyLogo -->
        <test-method is-config="true" signature="tearDown()[pri:0, instance:com.mystore.testscripts.IndexPageTest@1d8bd0de]" started-at="2024-02-21T12:27:53 IST" name="tearDown" finished-at="2024-02-21T12:27:53 IST" duration-ms="106" status="PASS">
          <reporter-output>
          </reporter-output>
        </test-method> <!-- tearDown -->
        <test-method is-config="true" signature="setup()[pri:0, instance:com.mystore.testscripts.IndexPageTest@1d8bd0de]" started-at="2024-02-21T12:27:53 IST" name="setup" finished-at="2024-02-21T12:27:59 IST" duration-ms="6099" status="PASS">
          <reporter-output>
          </reporter-output>
        </test-method> <!-- setup -->
        <test-method signature="verifyRegisterUserBtn()[pri:0, instance:com.mystore.testscripts.IndexPageTest@1d8bd0de]" started-at="2024-02-21T12:27:59 IST" name="verifyRegisterUserBtn" finished-at="2024-02-21T12:28:02 IST" duration-ms="2847" status="PASS">
          <reporter-output>
          </reporter-output>
        </test-method> <!-- verifyRegisterUserBtn -->
        <test-method is-config="true" signature="tearDown()[pri:0, instance:com.mystore.testscripts.IndexPageTest@1d8bd0de]" started-at="2024-02-21T12:28:02 IST" name="tearDown" finished-at="2024-02-21T12:28:02 IST" duration-ms="116" status="PASS">
          <reporter-output>
          </reporter-output>
        </test-method> <!-- tearDown -->
        <test-method is-config="true" signature="setup()[pri:0, instance:com.mystore.testscripts.IndexPageTest@1d8bd0de]" started-at="2024-02-21T12:28:02 IST" name="setup" finished-at="2024-02-21T12:28:08 IST" duration-ms="5298" status="PASS">
          <reporter-output>
          </reporter-output>
        </test-method> <!-- setup -->
        <test-method signature="verifySignInbtn()[pri:0, instance:com.mystore.testscripts.IndexPageTest@1d8bd0de]" started-at="2024-02-21T12:28:08 IST" name="verifySignInbtn" finished-at="2024-02-21T12:28:09 IST" duration-ms="1192" status="PASS">
          <reporter-output>
          </reporter-output>
        </test-method> <!-- verifySignInbtn -->
        <test-method is-config="true" signature="tearDown()[pri:0, instance:com.mystore.testscripts.IndexPageTest@1d8bd0de]" started-at="2024-02-21T12:28:09 IST" name="tearDown" finished-at="2024-02-21T12:28:09 IST" duration-ms="123" status="PASS">
          <reporter-output>
          </reporter-output>
        </test-method> <!-- tearDown -->
        <test-method is-config="true" signature="setup()[pri:0, instance:com.mystore.testscripts.IndexPageTest@1d8bd0de]" started-at="2024-02-21T12:28:09 IST" name="setup" finished-at="2024-02-21T12:28:15 IST" duration-ms="6027" status="PASS">
          <reporter-output>
          </reporter-output>
        </test-method> <!-- setup -->
        <test-method signature="verifyTitle()[pri:0, instance:com.mystore.testscripts.IndexPageTest@1d8bd0de]" started-at="2024-02-21T12:28:15 IST" name="verifyTitle" finished-at="2024-02-21T12:28:15 IST" duration-ms="7" status="PASS">
          <reporter-output>
          </reporter-output>
        </test-method> <!-- verifyTitle -->
        <test-method is-config="true" signature="tearDown()[pri:0, instance:com.mystore.testscripts.IndexPageTest@1d8bd0de]" started-at="2024-02-21T12:28:15 IST" name="tearDown" finished-at="2024-02-21T12:28:15 IST" duration-ms="114" status="PASS">
          <reporter-output>
          </reporter-output>
        </test-method> <!-- tearDown -->
      </class> <!-- com.mystore.testscripts.IndexPageTest -->
    </test> <!-- Test -->
  </suite> <!-- Suite -->
</testng-results>
